<?xml version="1.0" encoding="UTF-8"?>
<!-- Generated by org.testng.reporters.JUnitReportReporter -->
<testsuite hostname="BHAGYASHREE" failures="0" tests="1" name="autorefresh.jobportal.NaukriAutoUpdate" time="10.666" errors="0" timestamp="2024-07-07T15:46:10 IST" skipped="0">
  <testcase classname="autorefresh.jobportal.NaukriAutoUpdate" name="testbody" time="10.666"/>
</testsuite> <!-- autorefresh.jobportal.NaukriAutoUpdate -->
